{
  "stats": {
    "suites": 2,
    "tests": 1,
    "passes": 1,
    "pending": 0,
    "failures": 0,
    "start": "2021-08-19T12:19:47.164Z",
    "end": "2021-08-19T12:19:47.779Z",
    "duration": 615,
    "testsRegistered": 1,
    "passPercent": 100,
    "pendingPercent": 0,
    "other": 0,
    "hasOther": false,
    "skipped": 0,
    "hasSkipped": false
  },
  "results": [
    {
      "uuid": "3c435197-a8c0-4cd2-8a13-9aa1066436c6",
      "title": "",
      "fullFile": "cypress/integration/api_spec.js",
      "file": "cypress/integration/api_spec.js",
      "beforeHooks": [],
      "afterHooks": [],
      "tests": [],
      "suites": [
        {
          "uuid": "73d72b54-f110-4337-8fbf-05c3161b27ab",
          "title": "My First API Test",
          "fullFile": "",
          "file": "",
          "beforeHooks": [],
          "afterHooks": [],
          "tests": [],
          "suites": [
            {
              "uuid": "d9ac295b-d6b4-4e30-af2b-d4a0f855176a",
              "title": "When I send POST /usuarios",
              "fullFile": "",
              "file": "",
              "beforeHooks": [],
              "afterHooks": [],
              "tests": [
                {
                  "title": "Hit an API End point and validate its response status code and body",
                  "fullTitle": "My First API Test When I send POST /usuarios Hit an API End point and validate its response status code and body",
                  "timedOut": null,
                  "duration": 539,
                  "state": "passed",
                  "speed": "slow",
                  "pass": true,
                  "fail": false,
                  "pending": false,
                  "context": null,
                  "code": "cy.log(JSON.stringify(fakeUser));\ncy.request({\n  method: scenarios[0].method,\n  url: scenarios[0].url,\n  qs: scenarios[0].query\n}).should(response => {\n  console.log(response.body);\n  expect(response.status).to.eq(200);\n  expect(response.body).to.have.property('info');\n  expect(response.body.info).to.have.property('version', '1.3');\n});",
                  "err": {},
                  "uuid": "3a05d56c-d5bb-4b1f-809f-46bd5dd94b29",
                  "parentUUID": "d9ac295b-d6b4-4e30-af2b-d4a0f855176a",
                  "isHook": false,
                  "skipped": false
                }
              ],
              "suites": [],
              "passes": [
                "3a05d56c-d5bb-4b1f-809f-46bd5dd94b29"
              ],
              "failures": [],
              "pending": [],
              "skipped": [],
              "duration": 539,
              "root": false,
              "rootEmpty": false,
              "_timeout": 2000
            }
          ],
          "passes": [],
          "failures": [],
          "pending": [],
          "skipped": [],
          "duration": 0,
          "root": false,
          "rootEmpty": false,
          "_timeout": 2000
        }
      ],
      "passes": [],
      "failures": [],
      "pending": [],
      "skipped": [],
      "duration": 0,
      "root": true,
      "rootEmpty": true,
      "_timeout": 2000
    }
  ],
  "meta": {
    "mocha": {
      "version": "7.0.1"
    },
    "mochawesome": {
      "options": {
        "quiet": false,
        "reportFilename": "mochawesome",
        "saveHtml": false,
        "saveJson": true,
        "consoleReporter": "spec",
        "useInlineDiffs": false,
        "code": true
      },
      "version": "6.2.2"
    },
    "marge": {
      "options": {
        "overwrite": false,
        "html": false,
        "json": true
      },
      "version": "5.2.0"
    }
  }
}