{
  "stats": {
    "suites": 2,
    "tests": 1,
    "passes": 0,
    "pending": 0,
    "failures": 1,
    "start": "2021-08-19T12:18:47.283Z",
    "end": "2021-08-19T12:18:48.049Z",
    "duration": 766,
    "testsRegistered": 1,
    "passPercent": 0,
    "pendingPercent": 0,
    "other": 0,
    "hasOther": false,
    "skipped": 0,
    "hasSkipped": false
  },
  "results": [
    {
      "uuid": "526512b3-1101-45e0-9809-6fe1b548565d",
      "title": "",
      "fullFile": "cypress/integration/api_spec.js",
      "file": "cypress/integration/api_spec.js",
      "beforeHooks": [],
      "afterHooks": [],
      "tests": [],
      "suites": [
        {
          "uuid": "718342bf-c001-4029-815e-f8b4527b49df",
          "title": "My First API Test",
          "fullFile": "",
          "file": "",
          "beforeHooks": [],
          "afterHooks": [],
          "tests": [],
          "suites": [
            {
              "uuid": "4aff6363-650b-44d6-973b-6d259e897a87",
              "title": "When I send POST /usuarios",
              "fullFile": "",
              "file": "",
              "beforeHooks": [],
              "afterHooks": [],
              "tests": [
                {
                  "title": "Hit an API End point and validate its response status code and body",
                  "fullTitle": "My First API Test When I send POST /usuarios Hit an API End point and validate its response status code and body",
                  "timedOut": null,
                  "duration": 331,
                  "state": "failed",
                  "speed": null,
                  "pass": false,
                  "fail": true,
                  "pending": false,
                  "context": null,
                  "code": "cy.log(JSON.stringify(fakeUser));\ncy.request({\n  method: scenarios[0].url,\n  url: scenarios[0].url,\n  qs: scenarios[0].query\n}).should(response => {\n  console.log(response.body);\n  expect(response.status).to.eq(200);\n  expect(response.body).to.have.property('info');\n  expect(response.body.info).to.have.property('version', '1.3');\n});",
                  "err": {
                    "message": "CypressError: `cy.request()` was called with an invalid method: `https://randomuser.me/api/`. Method can be: `GET`, `POST`, `PUT`, `DELETE`, `PATCH`, `HEAD`, `OPTIONS`, or any other method supported by Node's HTTP parser.\n\nhttps://on.cypress.io/request",
                    "estack": "CypressError: `cy.request()` was called with an invalid method: `https://randomuser.me/api/`. Method can be: `GET`, `POST`, `PUT`, `DELETE`, `PATCH`, `HEAD`, `OPTIONS`, or any other method supported by Node's HTTP parser.\n\nhttps://on.cypress.io/request\n    at Context.request (https://opensource-demo.orangehrmlive.com/__cypress/runner/cypress_runner.js:145052:19)\nFrom Your Spec Code:\n    at Context.eval (https://opensource-demo.orangehrmlive.com/__cypress/tests?p=cypress\\integration\\api_spec.js:111:10)",
                    "diff": null
                  },
                  "uuid": "fe35d66c-c6b8-44ec-9bf1-9687195cb650",
                  "parentUUID": "4aff6363-650b-44d6-973b-6d259e897a87",
                  "isHook": false,
                  "skipped": false
                }
              ],
              "suites": [],
              "passes": [],
              "failures": [
                "fe35d66c-c6b8-44ec-9bf1-9687195cb650"
              ],
              "pending": [],
              "skipped": [],
              "duration": 331,
              "root": false,
              "rootEmpty": false,
              "_timeout": 2000
            }
          ],
          "passes": [],
          "failures": [],
          "pending": [],
          "skipped": [],
          "duration": 0,
          "root": false,
          "rootEmpty": false,
          "_timeout": 2000
        }
      ],
      "passes": [],
      "failures": [],
      "pending": [],
      "skipped": [],
      "duration": 0,
      "root": true,
      "rootEmpty": true,
      "_timeout": 2000
    }
  ],
  "meta": {
    "mocha": {
      "version": "7.0.1"
    },
    "mochawesome": {
      "options": {
        "quiet": false,
        "reportFilename": "mochawesome",
        "saveHtml": false,
        "saveJson": true,
        "consoleReporter": "spec",
        "useInlineDiffs": false,
        "code": true
      },
      "version": "6.2.2"
    },
    "marge": {
      "options": {
        "overwrite": false,
        "html": false,
        "json": true
      },
      "version": "5.2.0"
    }
  }
}